loading C:Xstore_V25V25_code_workspacexyz_xservicesxservices-config-devxservices-log4j2.xml
2025-11-13 00:00:00,000 INFO  [DefaultQuartzScheduler_Worker-10] [com.micros_retail.xservices.trans.OrphanTransactionsTask] OrphanTransactionsTask running
2025-11-13 00:00:00,028 INFO  [DefaultQuartzScheduler_Worker-10] [com.micros_retail.xservices.trans.OrphanTransactionsTask] Checking cache for orphaned Auths or Tenders
2025-11-13 00:00:39,096 INFO  [Replication Processor] [REPLICATION_AUDIT_LOG] Event Queue Size: 0
2025-11-13 00:01:39,099 INFO  [Replication Processor] [REPLICATION_AUDIT_LOG] Event Queue Size: 0
2025-11-13 00:02:39,100 INFO  [Replication Processor] [REPLICATION_AUDIT_LOG] Event Queue Size: 0
2025-11-13 00:03:39,102 INFO  [Replication Processor] [REPLICATION_AUDIT_LOG] Event Queue Size: 0
2025-11-13 00:04:39,105 INFO  [Replication Processor] [REPLICATION_AUDIT_LOG] Event Queue Size: 0
2025-11-13 00:05:39,106 INFO  [Replication Processor] [REPLICATION_AUDIT_LOG] Event Queue Size: 0
2025-11-13 00:06:39,108 INFO  [Replication Processor] [REPLICATION_AUDIT_LOG] Event Queue Size: 0
2025-11-13 00:07:39,110 INFO  [Replication Processor] [REPLICATION_AUDIT_LOG] Event Queue Size: 0
2025-11-13 00:08:39,111 INFO  [Replication Processor] [REPLICATION_AUDIT_LOG] Event Queue Size: 0
2025-11-13 00:09:39,113 INFO  [Replication Processor] [REPLICATION_AUDIT_LOG] Event Queue Size: 0
2025-11-13 00:10:00,002 INFO  [DefaultQuartzScheduler_Worker-2] [com.micros_retail.xservices.trans.OrphanTransactionsTask] OrphanTransactionsTask running
2025-11-13 00:10:00,002 INFO  [DefaultQuartzScheduler_Worker-2] [com.micros_retail.xservices.trans.OrphanTransactionsTask] Checking cache for orphaned Auths or Tenders
2025-11-13 00:10:39,115 INFO  [Replication Processor] [REPLICATION_AUDIT_LOG] Event Queue Size: 0
2025-11-13 00:11:39,117 INFO  [Replication Processor] [REPLICATION_AUDIT_LOG] Event Queue Size: 0
2025-11-13 00:12:39,118 INFO  [Replication Processor] [REPLICATION_AUDIT_LOG] Event Queue Size: 0
2025-11-13 00:13:39,119 INFO  [Replication Processor] [REPLICATION_AUDIT_LOG] Event Queue Size: 0
2025-11-13 00:14:39,120 INFO  [Replication Processor] [REPLICATION_AUDIT_LOG] Event Queue Size: 0
2025-11-13 00:15:39,127 INFO  [Replication Processor] [REPLICATION_AUDIT_LOG] Event Queue Size: 0
2025-11-13 00:16:39,130 INFO  [Replication Processor] [REPLICATION_AUDIT_LOG] Event Queue Size: 0
2025-11-13 00:17:39,132 INFO  [Replication Processor] [REPLICATION_AUDIT_LOG] Event Queue Size: 0
2025-11-13 00:18:39,144 INFO  [Replication Processor] [REPLICATION_AUDIT_LOG] Event Queue Size: 0
2025-11-13 00:19:39,146 INFO  [Replication Processor] [REPLICATION_AUDIT_LOG] Event Queue Size: 0
2025-11-13 00:20:00,001 INFO  [DefaultQuartzScheduler_Worker-3] [com.micros_retail.xservices.trans.OrphanTransactionsTask] OrphanTransactionsTask running
2025-11-13 00:20:00,001 INFO  [DefaultQuartzScheduler_Worker-3] [com.micros_retail.xservices.trans.OrphanTransactionsTask] Checking cache for orphaned Auths or Tenders
2025-11-13 00:20:39,148 INFO  [Replication Processor] [REPLICATION_AUDIT_LOG] Event Queue Size: 0
2025-11-13 00:21:39,150 INFO  [Replication Processor] [REPLICATION_AUDIT_LOG] Event Queue Size: 0
2025-11-13 00:22:39,152 INFO  [Replication Processor] [REPLICATION_AUDIT_LOG] Event Queue Size: 0
2025-11-13 00:23:39,160 INFO  [Replication Processor] [REPLICATION_AUDIT_LOG] Event Queue Size: 0
2025-11-13 00:24:39,162 INFO  [Replication Processor] [REPLICATION_AUDIT_LOG] Event Queue Size: 0
2025-11-13 00:25:39,164 INFO  [Replication Processor] [REPLICATION_AUDIT_LOG] Event Queue Size: 0
2025-11-13 00:26:39,165 INFO  [Replication Processor] [REPLICATION_AUDIT_LOG] Event Queue Size: 0
2025-11-13 00:27:39,167 INFO  [Replication Processor] [REPLICATION_AUDIT_LOG] Event Queue Size: 0
2025-11-13 00:28:39,169 INFO  [Replication Processor] [REPLICATION_AUDIT_LOG] Event Queue Size: 0
2025-11-13 00:29:39,170 INFO  [Replication Processor] [REPLICATION_AUDIT_LOG] Event Queue Size: 0
2025-11-13 00:30:00,001 INFO  [DefaultQuartzScheduler_Worker-4] [com.micros_retail.xservices.trans.OrphanTransactionsTask] OrphanTransactionsTask running
2025-11-13 00:30:00,002 INFO  [DefaultQuartzScheduler_Worker-4] [com.micros_retail.xservices.trans.OrphanTransactionsTask] Checking cache for orphaned Auths or Tenders
2025-11-13 00:30:39,173 INFO  [Replication Processor] [REPLICATION_AUDIT_LOG] Event Queue Size: 0
2025-11-13 00:31:39,174 INFO  [Replication Processor] [REPLICATION_AUDIT_LOG] Event Queue Size: 0
2025-11-13 00:32:39,175 INFO  [Replication Processor] [REPLICATION_AUDIT_LOG] Event Queue Size: 0
2025-11-13 00:33:39,177 INFO  [Replication Processor] [REPLICATION_AUDIT_LOG] Event Queue Size: 0
2025-11-13 00:34:39,178 INFO  [Replication Processor] [REPLICATION_AUDIT_LOG] Event Queue Size: 0
2025-11-13 00:35:39,180 INFO  [Replication Processor] [REPLICATION_AUDIT_LOG] Event Queue Size: 0
2025-11-13 00:36:39,182 INFO  [Replication Processor] [REPLICATION_AUDIT_LOG] Event Queue Size: 0
2025-11-13 00:37:39,183 INFO  [Replication Processor] [REPLICATION_AUDIT_LOG] Event Queue Size: 0
2025-11-13 00:38:39,185 INFO  [Replication Processor] [REPLICATION_AUDIT_LOG] Event Queue Size: 0
2025-11-13 00:39:39,187 INFO  [Replication Processor] [REPLICATION_AUDIT_LOG] Event Queue Size: 0
2025-11-13 00:40:00,001 INFO  [DefaultQuartzScheduler_Worker-5] [com.micros_retail.xservices.trans.OrphanTransactionsTask] OrphanTransactionsTask running
2025-11-13 00:40:00,002 INFO  [DefaultQuartzScheduler_Worker-5] [com.micros_retail.xservices.trans.OrphanTransactionsTask] Checking cache for orphaned Auths or Tenders
2025-11-13 00:40:39,190 INFO  [Replication Processor] [REPLICATION_AUDIT_LOG] Event Queue Size: 0
2025-11-13 00:41:39,191 INFO  [Replication Processor] [REPLICATION_AUDIT_LOG] Event Queue Size: 0
2025-11-13 00:42:39,193 INFO  [Replication Processor] [REPLICATION_AUDIT_LOG] Event Queue Size: 0
2025-11-13 00:43:39,194 INFO  [Replication Processor] [REPLICATION_AUDIT_LOG] Event Queue Size: 0
2025-11-13 00:44:39,196 INFO  [Replication Processor] [REPLICATION_AUDIT_LOG] Event Queue Size: 0
2025-11-13 00:45:39,198 INFO  [Replication Processor] [REPLICATION_AUDIT_LOG] Event Queue Size: 0
2025-11-13 00:46:39,199 INFO  [Replication Processor] [REPLICATION_AUDIT_LOG] Event Queue Size: 0
2025-11-13 00:47:39,203 INFO  [Replication Processor] [REPLICATION_AUDIT_LOG] Event Queue Size: 0
2025-11-13 00:48:39,204 INFO  [Replication Processor] [REPLICATION_AUDIT_LOG] Event Queue Size: 0
2025-11-13 00:49:39,205 INFO  [Replication Processor] [REPLICATION_AUDIT_LOG] Event Queue Size: 0
2025-11-13 00:50:00,001 INFO  [DefaultQuartzScheduler_Worker-6] [com.micros_retail.xservices.trans.OrphanTransactionsTask] OrphanTransactionsTask running
2025-11-13 00:50:00,001 INFO  [DefaultQuartzScheduler_Worker-6] [com.micros_retail.xservices.trans.OrphanTransactionsTask] Checking cache for orphaned Auths or Tenders
2025-11-13 00:50:39,207 INFO  [Replication Processor] [REPLICATION_AUDIT_LOG] Event Queue Size: 0
2025-11-13 00:51:39,209 INFO  [Replication Processor] [REPLICATION_AUDIT_LOG] Event Queue Size: 0
2025-11-13 00:52:39,211 INFO  [Replication Processor] [REPLICATION_AUDIT_LOG] Event Queue Size: 0
2025-11-13 00:53:39,213 INFO  [Replication Processor] [REPLICATION_AUDIT_LOG] Event Queue Size: 0
2025-11-13 00:54:39,214 INFO  [Replication Processor] [REPLICATION_AUDIT_LOG] Event Queue Size: 0
2025-11-13 00:55:39,217 INFO  [Replication Processor] [REPLICATION_AUDIT_LOG] Event Queue Size: 0
2025-11-13 00:56:39,219 INFO  [Replication Processor] [REPLICATION_AUDIT_LOG] Event Queue Size: 0
2025-11-13 00:57:39,221 INFO  [Replication Processor] [REPLICATION_AUDIT_LOG] Event Queue Size: 0
2025-11-13 00:58:39,223 INFO  [Replication Processor] [REPLICATION_AUDIT_LOG] Event Queue Size: 0
2025-11-13 00:59:39,225 INFO  [Replication Processor] [REPLICATION_AUDIT_LOG] Event Queue Size: 0
2025-11-13 01:00:00,004 INFO  [DefaultQuartzScheduler_Worker-7] [com.micros_retail.xservices.trans.OrphanTransactionsTask] OrphanTransactionsTask running
2025-11-13 01:00:00,004 INFO  [DefaultQuartzScheduler_Worker-7] [com.micros_retail.xservices.trans.OrphanTransactionsTask] Checking cache for orphaned Auths or Tenders
2025-11-13 01:00:39,227 INFO  [Replication Processor] [REPLICATION_AUDIT_LOG] Event Queue Size: 0
2025-11-13 01:01:39,229 INFO  [Replication Processor] [REPLICATION_AUDIT_LOG] Event Queue Size: 0
2025-11-13 01:02:39,231 INFO  [Replication Processor] [REPLICATION_AUDIT_LOG] Event Queue Size: 0
2025-11-13 01:03:39,233 INFO  [Replication Processor] [REPLICATION_AUDIT_LOG] Event Queue Size: 0
2025-11-13 01:04:39,235 INFO  [Replication Processor] [REPLICATION_AUDIT_LOG] Event Queue Size: 0
2025-11-13 01:05:39,237 INFO  [Replication Processor] [REPLICATION_AUDIT_LOG] Event Queue Size: 0
2025-11-13 01:06:39,238 INFO  [Replication Processor] [REPLICATION_AUDIT_LOG] Event Queue Size: 0
2025-11-13 01:07:39,240 INFO  [Replication Processor] [REPLICATION_AUDIT_LOG] Event Queue Size: 0
2025-11-13 01:08:39,241 INFO  [Replication Processor] [REPLICATION_AUDIT_LOG] Event Queue Size: 0
2025-11-13 01:09:39,242 INFO  [Replication Processor] [REPLICATION_AUDIT_LOG] Event Queue Size: 0
2025-11-13 01:10:00,001 INFO  [DefaultQuartzScheduler_Worker-9] [com.micros_retail.xservices.trans.OrphanTransactionsTask] OrphanTransactionsTask running
2025-11-13 01:10:00,001 INFO  [DefaultQuartzScheduler_Worker-9] [com.micros_retail.xservices.trans.OrphanTransactionsTask] Checking cache for orphaned Auths or Tenders
2025-11-13 01:10:39,243 INFO  [Replication Processor] [REPLICATION_AUDIT_LOG] Event Queue Size: 0
2025-11-13 01:11:39,246 INFO  [Replication Processor] [REPLICATION_AUDIT_LOG] Event Queue Size: 0
2025-11-13 01:12:39,252 INFO  [Replication Processor] [REPLICATION_AUDIT_LOG] Event Queue Size: 0
2025-11-13 01:13:39,254 INFO  [Replication Processor] [REPLICATION_AUDIT_LOG] Event Queue Size: 0
2025-11-13 01:14:39,257 INFO  [Replication Processor] [REPLICATION_AUDIT_LOG] Event Queue Size: 0
2025-11-13 01:15:39,258 INFO  [Replication Processor] [REPLICATION_AUDIT_LOG] Event Queue Size: 0
2025-11-13 01:16:39,260 INFO  [Replication Processor] [REPLICATION_AUDIT_LOG] Event Queue Size: 0
2025-11-13 01:17:39,261 INFO  [Replication Processor] [REPLICATION_AUDIT_LOG] Event Queue Size: 0
2025-11-13 01:18:39,264 INFO  [Replication Processor] [REPLICATION_AUDIT_LOG] Event Queue Size: 0
2025-11-13 01:19:39,266 INFO  [Replication Processor] [REPLICATION_AUDIT_LOG] Event Queue Size: 0
2025-11-13 01:20:00,000 INFO  [DefaultQuartzScheduler_Worker-10] [com.micros_retail.xservices.trans.OrphanTransactionsTask] OrphanTransactionsTask running
2025-11-13 01:20:00,000 INFO  [DefaultQuartzScheduler_Worker-10] [com.micros_retail.xservices.trans.OrphanTransactionsTask] Checking cache for orphaned Auths or Tenders
2025-11-13 01:20:39,267 INFO  [Replication Processor] [REPLICATION_AUDIT_LOG] Event Queue Size: 0
2025-11-13 01:21:39,268 INFO  [Replication Processor] [REPLICATION_AUDIT_LOG] Event Queue Size: 0
2025-11-13 01:22:39,270 INFO  [Replication Processor] [REPLICATION_AUDIT_LOG] Event Queue Size: 0
2025-11-13 01:23:39,273 INFO  [Replication Processor] [REPLICATION_AUDIT_LOG] Event Queue Size: 0
2025-11-13 01:24:39,275 INFO  [Replication Processor] [REPLICATION_AUDIT_LOG] Event Queue Size: 0
2025-11-13 01:25:39,277 INFO  [Replication Processor] [REPLICATION_AUDIT_LOG] Event Queue Size: 0
2025-11-13 01:26:39,278 INFO  [Replication Processor] [REPLICATION_AUDIT_LOG] Event Queue Size: 0
2025-11-13 01:27:39,280 INFO  [Replication Processor] [REPLICATION_AUDIT_LOG] Event Queue Size: 0
2025-11-13 01:28:39,282 INFO  [Replication Processor] [REPLICATION_AUDIT_LOG] Event Queue Size: 0
2025-11-13 01:29:39,285 INFO  [Replication Processor] [REPLICATION_AUDIT_LOG] Event Queue Size: 0
2025-11-13 01:30:00,002 INFO  [DefaultQuartzScheduler_Worker-1] [com.micros_retail.xservices.trans.OrphanTransactionsTask] OrphanTransactionsTask running
2025-11-13 01:30:00,002 INFO  [DefaultQuartzScheduler_Worker-1] [com.micros_retail.xservices.trans.OrphanTransactionsTask] Checking cache for orphaned Auths or Tenders
2025-11-13 01:30:39,286 INFO  [Replication Processor] [REPLICATION_AUDIT_LOG] Event Queue Size: 0
2025-11-13 01:31:39,288 INFO  [Replication Processor] [REPLICATION_AUDIT_LOG] Event Queue Size: 0
2025-11-13 01:32:39,290 INFO  [Replication Processor] [REPLICATION_AUDIT_LOG] Event Queue Size: 0
2025-11-13 01:33:39,291 INFO  [Replication Processor] [REPLICATION_AUDIT_LOG] Event Queue Size: 0
2025-11-13 01:34:39,293 INFO  [Replication Processor] [REPLICATION_AUDIT_LOG] Event Queue Size: 0
2025-11-13 01:35:39,294 INFO  [Replication Processor] [REPLICATION_AUDIT_LOG] Event Queue Size: 0
2025-11-13 01:36:39,300 INFO  [Replication Processor] [REPLICATION_AUDIT_LOG] Event Queue Size: 0
2025-11-13 01:37:39,314 INFO  [Replication Processor] [REPLICATION_AUDIT_LOG] Event Queue Size: 0
2025-11-13 01:38:39,316 INFO  [Replication Processor] [REPLICATION_AUDIT_LOG] Event Queue Size: 0
2025-11-13 01:39:39,317 INFO  [Replication Processor] [REPLICATION_AUDIT_LOG] Event Queue Size: 0
2025-11-13 01:40:00,000 INFO  [DefaultQuartzScheduler_Worker-2] [com.micros_retail.xservices.trans.OrphanTransactionsTask] OrphanTransactionsTask running
2025-11-13 01:40:00,000 INFO  [DefaultQuartzScheduler_Worker-2] [com.micros_retail.xservices.trans.OrphanTransactionsTask] Checking cache for orphaned Auths or Tenders
2025-11-13 01:40:39,319 INFO  [Replication Processor] [REPLICATION_AUDIT_LOG] Event Queue Size: 0
2025-11-13 01:41:39,321 INFO  [Replication Processor] [REPLICATION_AUDIT_LOG] Event Queue Size: 0
2025-11-13 01:42:39,322 INFO  [Replication Processor] [REPLICATION_AUDIT_LOG] Event Queue Size: 0
2025-11-13 01:43:39,324 INFO  [Replication Processor] [REPLICATION_AUDIT_LOG] Event Queue Size: 0
2025-11-13 01:44:39,325 INFO  [Replication Processor] [REPLICATION_AUDIT_LOG] Event Queue Size: 0
2025-11-13 01:45:39,327 INFO  [Replication Processor] [REPLICATION_AUDIT_LOG] Event Queue Size: 0
2025-11-13 01:46:39,329 INFO  [Replication Processor] [REPLICATION_AUDIT_LOG] Event Queue Size: 0
2025-11-13 01:47:39,331 INFO  [Replication Processor] [REPLICATION_AUDIT_LOG] Event Queue Size: 0
2025-11-13 01:48:39,345 INFO  [Replication Processor] [REPLICATION_AUDIT_LOG] Event Queue Size: 0
2025-11-13 01:49:39,347 INFO  [Replication Processor] [REPLICATION_AUDIT_LOG] Event Queue Size: 0
2025-11-13 01:50:00,000 INFO  [DefaultQuartzScheduler_Worker-3] [com.micros_retail.xservices.trans.OrphanTransactionsTask] OrphanTransactionsTask running
2025-11-13 01:50:00,000 INFO  [DefaultQuartzScheduler_Worker-3] [com.micros_retail.xservices.trans.OrphanTransactionsTask] Checking cache for orphaned Auths or Tenders
2025-11-13 01:50:39,349 INFO  [Replication Processor] [REPLICATION_AUDIT_LOG] Event Queue Size: 0
2025-11-13 01:51:39,350 INFO  [Replication Processor] [REPLICATION_AUDIT_LOG] Event Queue Size: 0
2025-11-13 01:52:39,351 INFO  [Replication Processor] [REPLICATION_AUDIT_LOG] Event Queue Size: 0
2025-11-13 01:53:39,353 INFO  [Replication Processor] [REPLICATION_AUDIT_LOG] Event Queue Size: 0
2025-11-13 01:54:39,355 INFO  [Replication Processor] [REPLICATION_AUDIT_LOG] Event Queue Size: 0
2025-11-13 01:55:39,357 INFO  [Replication Processor] [REPLICATION_AUDIT_LOG] Event Queue Size: 0
2025-11-13 01:56:39,358 INFO  [Replication Processor] [REPLICATION_AUDIT_LOG] Event Queue Size: 0
2025-11-13 01:57:39,360 INFO  [Replication Processor] [REPLICATION_AUDIT_LOG] Event Queue Size: 0
2025-11-13 01:58:39,361 INFO  [Replication Processor] [REPLICATION_AUDIT_LOG] Event Queue Size: 0
2025-11-13 01:59:39,363 INFO  [Replication Processor] [REPLICATION_AUDIT_LOG] Event Queue Size: 0
2025-11-13 02:00:00,000 INFO  [DefaultQuartzScheduler_Worker-4] [com.micros_retail.xservices.trans.OrphanTransactionsTask] OrphanTransactionsTask running
2025-11-13 02:00:00,000 INFO  [DefaultQuartzScheduler_Worker-4] [com.micros_retail.xservices.trans.OrphanTransactionsTask] Checking cache for orphaned Auths or Tenders
2025-11-13 02:00:39,365 INFO  [Replication Processor] [REPLICATION_AUDIT_LOG] Event Queue Size: 0
2025-11-13 02:01:39,367 INFO  [Replication Processor] [REPLICATION_AUDIT_LOG] Event Queue Size: 0
2025-11-13 02:02:39,369 INFO  [Replication Processor] [REPLICATION_AUDIT_LOG] Event Queue Size: 0
2025-11-13 02:03:39,370 INFO  [Replication Processor] [REPLICATION_AUDIT_LOG] Event Queue Size: 0
2025-11-13 02:04:39,372 INFO  [Replication Processor] [REPLICATION_AUDIT_LOG] Event Queue Size: 0
2025-11-13 02:05:39,374 INFO  [Replication Processor] [REPLICATION_AUDIT_LOG] Event Queue Size: 0
2025-11-13 02:06:39,376 INFO  [Replication Processor] [REPLICATION_AUDIT_LOG] Event Queue Size: 0
2025-11-13 02:07:39,378 INFO  [Replication Processor] [REPLICATION_AUDIT_LOG] Event Queue Size: 0
2025-11-13 02:08:39,380 INFO  [Replication Processor] [REPLICATION_AUDIT_LOG] Event Queue Size: 0
2025-11-13 02:09:39,382 INFO  [Replication Processor] [REPLICATION_AUDIT_LOG] Event Queue Size: 0
2025-11-13 02:10:00,005 INFO  [DefaultQuartzScheduler_Worker-6] [com.micros_retail.xservices.trans.OrphanTransactionsTask] OrphanTransactionsTask running
2025-11-13 02:10:00,005 INFO  [DefaultQuartzScheduler_Worker-6] [com.micros_retail.xservices.trans.OrphanTransactionsTask] Checking cache for orphaned Auths or Tenders
2025-11-13 02:10:39,383 INFO  [Replication Processor] [REPLICATION_AUDIT_LOG] Event Queue Size: 0
2025-11-13 02:11:39,386 INFO  [Replication Processor] [REPLICATION_AUDIT_LOG] Event Queue Size: 0
2025-11-13 02:12:39,387 INFO  [Replication Processor] [REPLICATION_AUDIT_LOG] Event Queue Size: 0
2025-11-13 02:13:39,389 INFO  [Replication Processor] [REPLICATION_AUDIT_LOG] Event Queue Size: 0
2025-11-13 02:14:39,390 INFO  [Replication Processor] [REPLICATION_AUDIT_LOG] Event Queue Size: 0
2025-11-13 02:15:39,392 INFO  [Replication Processor] [REPLICATION_AUDIT_LOG] Event Queue Size: 0
2025-11-13 02:16:39,394 INFO  [Replication Processor] [REPLICATION_AUDIT_LOG] Event Queue Size: 0
2025-11-13 02:17:39,395 INFO  [Replication Processor] [REPLICATION_AUDIT_LOG] Event Queue Size: 0
2025-11-13 02:18:39,398 INFO  [Replication Processor] [REPLICATION_AUDIT_LOG] Event Queue Size: 0
2025-11-13 02:19:39,399 INFO  [Replication Processor] [REPLICATION_AUDIT_LOG] Event Queue Size: 0
2025-11-13 02:20:00,001 INFO  [DefaultQuartzScheduler_Worker-7] [com.micros_retail.xservices.trans.OrphanTransactionsTask] OrphanTransactionsTask running
2025-11-13 02:20:00,001 INFO  [DefaultQuartzScheduler_Worker-7] [com.micros_retail.xservices.trans.OrphanTransactionsTask] Checking cache for orphaned Auths or Tenders
2025-11-13 02:20:39,400 INFO  [Replication Processor] [REPLICATION_AUDIT_LOG] Event Queue Size: 0
2025-11-13 02:21:39,402 INFO  [Replication Processor] [REPLICATION_AUDIT_LOG] Event Queue Size: 0
2025-11-13 02:22:39,404 INFO  [Replication Processor] [REPLICATION_AUDIT_LOG] Event Queue Size: 0
2025-11-13 02:23:39,406 INFO  [Replication Processor] [REPLICATION_AUDIT_LOG] Event Queue Size: 0
2025-11-13 02:24:39,408 INFO  [Replication Processor] [REPLICATION_AUDIT_LOG] Event Queue Size: 0
2025-11-13 02:25:39,410 INFO  [Replication Processor] [REPLICATION_AUDIT_LOG] Event Queue Size: 0
2025-11-13 02:26:39,411 INFO  [Replication Processor] [REPLICATION_AUDIT_LOG] Event Queue Size: 0
2025-11-13 02:27:39,413 INFO  [Replication Processor] [REPLICATION_AUDIT_LOG] Event Queue Size: 0
2025-11-13 02:28:39,415 INFO  [Replication Processor] [REPLICATION_AUDIT_LOG] Event Queue Size: 0
2025-11-13 02:29:39,416 INFO  [Replication Processor] [REPLICATION_AUDIT_LOG] Event Queue Size: 0
2025-11-13 02:30:00,002 INFO  [DefaultQuartzScheduler_Worker-8] [com.micros_retail.xservices.trans.OrphanTransactionsTask] OrphanTransactionsTask running
2025-11-13 02:30:00,002 INFO  [DefaultQuartzScheduler_Worker-8] [com.micros_retail.xservices.trans.OrphanTransactionsTask] Checking cache for orphaned Auths or Tenders
2025-11-13 02:30:39,418 INFO  [Replication Processor] [REPLICATION_AUDIT_LOG] Event Queue Size: 0
2025-11-13 02:31:39,420 INFO  [Replication Processor] [REPLICATION_AUDIT_LOG] Event Queue Size: 0
2025-11-13 02:32:39,421 INFO  [Replication Processor] [REPLICATION_AUDIT_LOG] Event Queue Size: 0
2025-11-13 02:33:39,423 INFO  [Replication Processor] [REPLICATION_AUDIT_LOG] Event Queue Size: 0
2025-11-13 02:34:39,425 INFO  [Replication Processor] [REPLICATION_AUDIT_LOG] Event Queue Size: 0
2025-11-13 02:35:39,427 INFO  [Replication Processor] [REPLICATION_AUDIT_LOG] Event Queue Size: 0
2025-11-13 02:36:39,428 INFO  [Replication Processor] [REPLICATION_AUDIT_LOG] Event Queue Size: 0
2025-11-13 02:37:39,430 INFO  [Replication Processor] [REPLICATION_AUDIT_LOG] Event Queue Size: 0
2025-11-13 02:38:39,432 INFO  [Replication Processor] [REPLICATION_AUDIT_LOG] Event Queue Size: 0
2025-11-13 02:39:39,434 INFO  [Replication Processor] [REPLICATION_AUDIT_LOG] Event Queue Size: 0
2025-11-13 02:40:00,000 INFO  [DefaultQuartzScheduler_Worker-9] [com.micros_retail.xservices.trans.OrphanTransactionsTask] OrphanTransactionsTask running
2025-11-13 02:40:00,000 INFO  [DefaultQuartzScheduler_Worker-9] [com.micros_retail.xservices.trans.OrphanTransactionsTask] Checking cache for orphaned Auths or Tenders
2025-11-13 02:40:39,435 INFO  [Replication Processor] [REPLICATION_AUDIT_LOG] Event Queue Size: 0
2025-11-13 02:41:39,437 INFO  [Replication Processor] [REPLICATION_AUDIT_LOG] Event Queue Size: 0
2025-11-13 02:42:39,439 INFO  [Replication Processor] [REPLICATION_AUDIT_LOG] Event Queue Size: 0
2025-11-13 02:43:39,440 INFO  [Replication Processor] [REPLICATION_AUDIT_LOG] Event Queue Size: 0
2025-11-13 02:44:39,443 INFO  [Replication Processor] [REPLICATION_AUDIT_LOG] Event Queue Size: 0
2025-11-13 02:45:39,444 INFO  [Replication Processor] [REPLICATION_AUDIT_LOG] Event Queue Size: 0
2025-11-13 02:46:39,446 INFO  [Replication Processor] [REPLICATION_AUDIT_LOG] Event Queue Size: 0
2025-11-13 02:47:39,448 INFO  [Replication Processor] [REPLICATION_AUDIT_LOG] Event Queue Size: 0
2025-11-13 02:48:39,450 INFO  [Replication Processor] [REPLICATION_AUDIT_LOG] Event Queue Size: 0
2025-11-13 02:49:39,452 INFO  [Replication Processor] [REPLICATION_AUDIT_LOG] Event Queue Size: 0
2025-11-13 02:50:00,000 INFO  [DefaultQuartzScheduler_Worker-10] [com.micros_retail.xservices.trans.OrphanTransactionsTask] OrphanTransactionsTask running
2025-11-13 02:50:00,000 INFO  [DefaultQuartzScheduler_Worker-10] [com.micros_retail.xservices.trans.OrphanTransactionsTask] Checking cache for orphaned Auths or Tenders
2025-11-13 02:50:39,453 INFO  [Replication Processor] [REPLICATION_AUDIT_LOG] Event Queue Size: 0
2025-11-13 02:51:39,455 INFO  [Replication Processor] [REPLICATION_AUDIT_LOG] Event Queue Size: 0
2025-11-13 02:52:39,457 INFO  [Replication Processor] [REPLICATION_AUDIT_LOG] Event Queue Size: 0
2025-11-13 02:53:39,459 INFO  [Replication Processor] [REPLICATION_AUDIT_LOG] Event Queue Size: 0
2025-11-13 02:54:39,468 INFO  [Replication Processor] [REPLICATION_AUDIT_LOG] Event Queue Size: 0
2025-11-13 02:55:39,469 INFO  [Replication Processor] [REPLICATION_AUDIT_LOG] Event Queue Size: 0
2025-11-13 02:56:39,471 INFO  [Replication Processor] [REPLICATION_AUDIT_LOG] Event Queue Size: 0
2025-11-13 02:57:39,472 INFO  [Replication Processor] [REPLICATION_AUDIT_LOG] Event Queue Size: 0
2025-11-13 02:58:39,474 INFO  [Replication Processor] [REPLICATION_AUDIT_LOG] Event Queue Size: 0
2025-11-13 02:59:39,476 INFO  [Replication Processor] [REPLICATION_AUDIT_LOG] Event Queue Size: 0
2025-11-13 03:00:00,000 INFO  [DefaultQuartzScheduler_Worker-1] [com.micros_retail.xservices.trans.OrphanTransactionsTask] OrphanTransactionsTask running
2025-11-13 03:00:00,000 INFO  [DefaultQuartzScheduler_Worker-1] [com.micros_retail.xservices.trans.OrphanTransactionsTask] Checking cache for orphaned Auths or Tenders
2025-11-13 03:00:39,478 INFO  [Replication Processor] [REPLICATION_AUDIT_LOG] Event Queue Size: 0
2025-11-13 03:01:39,480 INFO  [Replication Processor] [REPLICATION_AUDIT_LOG] Event Queue Size: 0
2025-11-13 03:02:39,482 INFO  [Replication Processor] [REPLICATION_AUDIT_LOG] Event Queue Size: 0
2025-11-13 03:03:39,484 INFO  [Replication Processor] [REPLICATION_AUDIT_LOG] Event Queue Size: 0
2025-11-13 03:04:39,486 INFO  [Replication Processor] [REPLICATION_AUDIT_LOG] Event Queue Size: 0
2025-11-13 03:05:39,488 INFO  [Replication Processor] [REPLICATION_AUDIT_LOG] Event Queue Size: 0
2025-11-13 03:06:39,491 INFO  [Replication Processor] [REPLICATION_AUDIT_LOG] Event Queue Size: 0
2025-11-13 03:07:39,493 INFO  [Replication Processor] [REPLICATION_AUDIT_LOG] Event Queue Size: 0
2025-11-13 03:08:39,499 INFO  [Replication Processor] [REPLICATION_AUDIT_LOG] Event Queue Size: 0
2025-11-13 03:09:39,499 INFO  [Replication Processor] [REPLICATION_AUDIT_LOG] Event Queue Size: 0
2025-11-13 03:10:00,000 INFO  [DefaultQuartzScheduler_Worker-3] [com.micros_retail.xservices.trans.OrphanTransactionsTask] OrphanTransactionsTask running
2025-11-13 03:10:00,000 INFO  [DefaultQuartzScheduler_Worker-3] [com.micros_retail.xservices.trans.OrphanTransactionsTask] Checking cache for orphaned Auths or Tenders
2025-11-13 03:10:39,501 INFO  [Replication Processor] [REPLICATION_AUDIT_LOG] Event Queue Size: 0
2025-11-13 03:11:39,503 INFO  [Replication Processor] [REPLICATION_AUDIT_LOG] Event Queue Size: 0
2025-11-13 03:12:39,505 INFO  [Replication Processor] [REPLICATION_AUDIT_LOG] Event Queue Size: 0
2025-11-13 03:13:39,507 INFO  [Replication Processor] [REPLICATION_AUDIT_LOG] Event Queue Size: 0
2025-11-13 03:14:39,509 INFO  [Replication Processor] [REPLICATION_AUDIT_LOG] Event Queue Size: 0
2025-11-13 03:15:39,511 INFO  [Replication Processor] [REPLICATION_AUDIT_LOG] Event Queue Size: 0
2025-11-13 03:16:39,513 INFO  [Replication Processor] [REPLICATION_AUDIT_LOG] Event Queue Size: 0
2025-11-13 03:17:39,515 INFO  [Replication Processor] [REPLICATION_AUDIT_LOG] Event Queue Size: 0
2025-11-13 03:18:39,516 INFO  [Replication Processor] [REPLICATION_AUDIT_LOG] Event Queue Size: 0
2025-11-13 03:19:39,518 INFO  [Replication Processor] [REPLICATION_AUDIT_LOG] Event Queue Size: 0
2025-11-13 03:20:00,000 INFO  [DefaultQuartzScheduler_Worker-4] [com.micros_retail.xservices.trans.OrphanTransactionsTask] OrphanTransactionsTask running
2025-11-13 03:20:00,000 INFO  [DefaultQuartzScheduler_Worker-4] [com.micros_retail.xservices.trans.OrphanTransactionsTask] Checking cache for orphaned Auths or Tenders
2025-11-13 03:20:39,519 INFO  [Replication Processor] [REPLICATION_AUDIT_LOG] Event Queue Size: 0
2025-11-13 03:21:39,520 INFO  [Replication Processor] [REPLICATION_AUDIT_LOG] Event Queue Size: 0
2025-11-13 03:22:39,523 INFO  [Replication Processor] [REPLICATION_AUDIT_LOG] Event Queue Size: 0
2025-11-13 03:23:39,524 INFO  [Replication Processor] [REPLICATION_AUDIT_LOG] Event Queue Size: 0
2025-11-13 03:24:39,526 INFO  [Replication Processor] [REPLICATION_AUDIT_LOG] Event Queue Size: 0
2025-11-13 03:25:39,528 INFO  [Replication Processor] [REPLICATION_AUDIT_LOG] Event Queue Size: 0
2025-11-13 03:26:39,530 INFO  [Replication Processor] [REPLICATION_AUDIT_LOG] Event Queue Size: 0
2025-11-13 03:27:39,532 INFO  [Replication Processor] [REPLICATION_AUDIT_LOG] Event Queue Size: 0
2025-11-13 03:28:39,533 INFO  [Replication Processor] [REPLICATION_AUDIT_LOG] Event Queue Size: 0
2025-11-13 03:29:39,536 INFO  [Replication Processor] [REPLICATION_AUDIT_LOG] Event Queue Size: 0
2025-11-13 03:30:00,002 INFO  [DefaultQuartzScheduler_Worker-5] [com.micros_retail.xservices.trans.OrphanTransactionsTask] OrphanTransactionsTask running
2025-11-13 03:30:00,002 INFO  [DefaultQuartzScheduler_Worker-5] [com.micros_retail.xservices.trans.OrphanTransactionsTask] Checking cache for orphaned Auths or Tenders
2025-11-13 03:30:39,537 INFO  [Replication Processor] [REPLICATION_AUDIT_LOG] Event Queue Size: 0
2025-11-13 03:31:39,539 INFO  [Replication Processor] [REPLICATION_AUDIT_LOG] Event Queue Size: 0
2025-11-13 03:32:39,540 INFO  [Replication Processor] [REPLICATION_AUDIT_LOG] Event Queue Size: 0
2025-11-13 03:33:39,542 INFO  [Replication Processor] [REPLICATION_AUDIT_LOG] Event Queue Size: 0
2025-11-13 03:34:39,544 INFO  [Replication Processor] [REPLICATION_AUDIT_LOG] Event Queue Size: 0
2025-11-13 03:35:39,546 INFO  [Replication Processor] [REPLICATION_AUDIT_LOG] Event Queue Size: 0
2025-11-13 03:36:39,548 INFO  [Replication Processor] [REPLICATION_AUDIT_LOG] Event Queue Size: 0
2025-11-13 03:37:39,550 INFO  [Replication Processor] [REPLICATION_AUDIT_LOG] Event Queue Size: 0
2025-11-13 03:38:39,551 INFO  [Replication Processor] [REPLICATION_AUDIT_LOG] Event Queue Size: 0
2025-11-13 03:39:39,552 INFO  [Replication Processor] [REPLICATION_AUDIT_LOG] Event Queue Size: 0
2025-11-13 03:40:00,002 INFO  [DefaultQuartzScheduler_Worker-6] [com.micros_retail.xservices.trans.OrphanTransactionsTask] OrphanTransactionsTask running
2025-11-13 03:40:00,002 INFO  [DefaultQuartzScheduler_Worker-6] [com.micros_retail.xservices.trans.OrphanTransactionsTask] Checking cache for orphaned Auths or Tenders
2025-11-13 03:40:39,554 INFO  [Replication Processor] [REPLICATION_AUDIT_LOG] Event Queue Size: 0
2025-11-13 03:41:39,556 INFO  [Replication Processor] [REPLICATION_AUDIT_LOG] Event Queue Size: 0
2025-11-13 03:42:39,558 INFO  [Replication Processor] [REPLICATION_AUDIT_LOG] Event Queue Size: 0
2025-11-13 03:43:39,559 INFO  [Replication Processor] [REPLICATION_AUDIT_LOG] Event Queue Size: 0
2025-11-13 03:44:39,562 INFO  [Replication Processor] [REPLICATION_AUDIT_LOG] Event Queue Size: 0
2025-11-13 03:45:39,564 INFO  [Replication Processor] [REPLICATION_AUDIT_LOG] Event Queue Size: 0
2025-11-13 03:46:39,566 INFO  [Replication Processor] [REPLICATION_AUDIT_LOG] Event Queue Size: 0
2025-11-13 03:47:39,568 INFO  [Replication Processor] [REPLICATION_AUDIT_LOG] Event Queue Size: 0
2025-11-13 03:48:39,570 INFO  [Replication Processor] [REPLICATION_AUDIT_LOG] Event Queue Size: 0
2025-11-13 03:49:39,577 INFO  [Replication Processor] [REPLICATION_AUDIT_LOG] Event Queue Size: 0
2025-11-13 03:50:00,000 INFO  [DefaultQuartzScheduler_Worker-7] [com.micros_retail.xservices.trans.OrphanTransactionsTask] OrphanTransactionsTask running
2025-11-13 03:50:00,000 INFO  [DefaultQuartzScheduler_Worker-7] [com.micros_retail.xservices.trans.OrphanTransactionsTask] Checking cache for orphaned Auths or Tenders
2025-11-13 03:50:39,579 INFO  [Replication Processor] [REPLICATION_AUDIT_LOG] Event Queue Size: 0
2025-11-13 03:51:39,581 INFO  [Replication Processor] [REPLICATION_AUDIT_LOG] Event Queue Size: 0
2025-11-13 03:52:39,583 INFO  [Replication Processor] [REPLICATION_AUDIT_LOG] Event Queue Size: 0
2025-11-13 03:53:39,593 INFO  [Replication Processor] [REPLICATION_AUDIT_LOG] Event Queue Size: 0
2025-11-13 03:54:39,595 INFO  [Replication Processor] [REPLICATION_AUDIT_LOG] Event Queue Size: 0
2025-11-13 03:55:39,597 INFO  [Replication Processor] [REPLICATION_AUDIT_LOG] Event Queue Size: 0
2025-11-13 03:56:39,598 INFO  [Replication Processor] [REPLICATION_AUDIT_LOG] Event Queue Size: 0
2025-11-13 03:57:39,601 INFO  [Replication Processor] [REPLICATION_AUDIT_LOG] Event Queue Size: 0
2025-11-13 03:58:39,602 INFO  [Replication Processor] [REPLICATION_AUDIT_LOG] Event Queue Size: 0
2025-11-13 03:59:39,604 INFO  [Replication Processor] [REPLICATION_AUDIT_LOG] Event Queue Size: 0
2025-11-13 04:00:00,001 INFO  [DefaultQuartzScheduler_Worker-8] [com.micros_retail.xservices.trans.OrphanTransactionsTask] OrphanTransactionsTask running
2025-11-13 04:00:00,001 INFO  [DefaultQuartzScheduler_Worker-8] [com.micros_retail.xservices.trans.OrphanTransactionsTask] Checking cache for orphaned Auths or Tenders
2025-11-13 04:00:39,605 INFO  [Replication Processor] [REPLICATION_AUDIT_LOG] Event Queue Size: 0
2025-11-13 04:01:39,607 INFO  [Replication Processor] [REPLICATION_AUDIT_LOG] Event Queue Size: 0
2025-11-13 04:02:39,608 INFO  [Replication Processor] [REPLICATION_AUDIT_LOG] Event Queue Size: 0
2025-11-13 04:03:39,610 INFO  [Replication Processor] [REPLICATION_AUDIT_LOG] Event Queue Size: 0
2025-11-13 04:04:39,612 INFO  [Replication Processor] [REPLICATION_AUDIT_LOG] Event Queue Size: 0
2025-11-13 04:05:39,614 INFO  [Replication Processor] [REPLICATION_AUDIT_LOG] Event Queue Size: 0
2025-11-13 04:06:39,615 INFO  [Replication Processor] [REPLICATION_AUDIT_LOG] Event Queue Size: 0
2025-11-13 04:07:39,617 INFO  [Replication Processor] [REPLICATION_AUDIT_LOG] Event Queue Size: 0
2025-11-13 04:08:39,618 INFO  [Replication Processor] [REPLICATION_AUDIT_LOG] Event Queue Size: 0
2025-11-13 04:09:39,619 INFO  [Replication Processor] [REPLICATION_AUDIT_LOG] Event Queue Size: 0
2025-11-13 04:10:00,000 INFO  [DefaultQuartzScheduler_Worker-10] [com.micros_retail.xservices.trans.OrphanTransactionsTask] OrphanTransactionsTask running
2025-11-13 04:10:00,000 INFO  [DefaultQuartzScheduler_Worker-10] [com.micros_retail.xservices.trans.OrphanTransactionsTask] Checking cache for orphaned Auths or Tenders
2025-11-13 04:10:39,621 INFO  [Replication Processor] [REPLICATION_AUDIT_LOG] Event Queue Size: 0
2025-11-13 04:11:39,623 INFO  [Replication Processor] [REPLICATION_AUDIT_LOG] Event Queue Size: 0
2025-11-13 04:12:39,625 INFO  [Replication Processor] [REPLICATION_AUDIT_LOG] Event Queue Size: 0
2025-11-13 04:13:39,626 INFO  [Replication Processor] [REPLICATION_AUDIT_LOG] Event Queue Size: 0
2025-11-13 04:14:39,628 INFO  [Replication Processor] [REPLICATION_AUDIT_LOG] Event Queue Size: 0
2025-11-13 04:15:39,630 INFO  [Replication Processor] [REPLICATION_AUDIT_LOG] Event Queue Size: 0
2025-11-13 04:16:39,632 INFO  [Replication Processor] [REPLICATION_AUDIT_LOG] Event Queue Size: 0
2025-11-13 04:17:39,634 INFO  [Replication Processor] [REPLICATION_AUDIT_LOG] Event Queue Size: 0
2025-11-13 04:18:39,636 INFO  [Replication Processor] [REPLICATION_AUDIT_LOG] Event Queue Size: 0
2025-11-13 04:19:39,638 INFO  [Replication Processor] [REPLICATION_AUDIT_LOG] Event Queue Size: 0
2025-11-13 04:20:00,000 INFO  [DefaultQuartzScheduler_Worker-1] [com.micros_retail.xservices.trans.OrphanTransactionsTask] OrphanTransactionsTask running
2025-11-13 04:20:00,000 INFO  [DefaultQuartzScheduler_Worker-1] [com.micros_retail.xservices.trans.OrphanTransactionsTask] Checking cache for orphaned Auths or Tenders
2025-11-13 04:20:39,640 INFO  [Replication Processor] [REPLICATION_AUDIT_LOG] Event Queue Size: 0
2025-11-13 04:21:39,642 INFO  [Replication Processor] [REPLICATION_AUDIT_LOG] Event Queue Size: 0
2025-11-13 04:22:39,643 INFO  [Replication Processor] [REPLICATION_AUDIT_LOG] Event Queue Size: 0
2025-11-13 04:23:39,645 INFO  [Replication Processor] [REPLICATION_AUDIT_LOG] Event Queue Size: 0
2025-11-13 04:24:39,648 INFO  [Replication Processor] [REPLICATION_AUDIT_LOG] Event Queue Size: 0
2025-11-13 04:25:39,649 INFO  [Replication Processor] [REPLICATION_AUDIT_LOG] Event Queue Size: 0
2025-11-13 04:26:39,651 INFO  [Replication Processor] [REPLICATION_AUDIT_LOG] Event Queue Size: 0
2025-11-13 04:27:39,653 INFO  [Replication Processor] [REPLICATION_AUDIT_LOG] Event Queue Size: 0
2025-11-13 04:28:39,654 INFO  [Replication Processor] [REPLICATION_AUDIT_LOG] Event Queue Size: 0
2025-11-13 04:29:39,655 INFO  [Replication Processor] [REPLICATION_AUDIT_LOG] Event Queue Size: 0
2025-11-13 04:30:00,001 INFO  [DefaultQuartzScheduler_Worker-2] [com.micros_retail.xservices.trans.OrphanTransactionsTask] OrphanTransactionsTask running
2025-11-13 04:30:00,001 INFO  [DefaultQuartzScheduler_Worker-2] [com.micros_retail.xservices.trans.OrphanTransactionsTask] Checking cache for orphaned Auths or Tenders
2025-11-13 04:30:39,656 INFO  [Replication Processor] [REPLICATION_AUDIT_LOG] Event Queue Size: 0
2025-11-13 04:31:39,657 INFO  [Replication Processor] [REPLICATION_AUDIT_LOG] Event Queue Size: 0
2025-11-13 04:32:39,659 INFO  [Replication Processor] [REPLICATION_AUDIT_LOG] Event Queue Size: 0
2025-11-13 04:33:39,661 INFO  [Replication Processor] [REPLICATION_AUDIT_LOG] Event Queue Size: 0
2025-11-13 04:34:39,662 INFO  [Replication Processor] [REPLICATION_AUDIT_LOG] Event Queue Size: 0
2025-11-13 04:35:39,664 INFO  [Replication Processor] [REPLICATION_AUDIT_LOG] Event Queue Size: 0
2025-11-13 04:36:39,665 INFO  [Replication Processor] [REPLICATION_AUDIT_LOG] Event Queue Size: 0
2025-11-13 04:37:39,666 INFO  [Replication Processor] [REPLICATION_AUDIT_LOG] Event Queue Size: 0
2025-11-13 04:38:39,668 INFO  [Replication Processor] [REPLICATION_AUDIT_LOG] Event Queue Size: 0
2025-11-13 04:39:39,670 INFO  [Replication Processor] [REPLICATION_AUDIT_LOG] Event Queue Size: 0
2025-11-13 04:40:00,001 INFO  [DefaultQuartzScheduler_Worker-3] [com.micros_retail.xservices.trans.OrphanTransactionsTask] OrphanTransactionsTask running
2025-11-13 04:40:00,001 INFO  [DefaultQuartzScheduler_Worker-3] [com.micros_retail.xservices.trans.OrphanTransactionsTask] Checking cache for orphaned Auths or Tenders
2025-11-13 04:40:39,671 INFO  [Replication Processor] [REPLICATION_AUDIT_LOG] Event Queue Size: 0
2025-11-13 04:41:39,673 INFO  [Replication Processor] [REPLICATION_AUDIT_LOG] Event Queue Size: 0
2025-11-13 04:42:39,687 INFO  [Replication Processor] [REPLICATION_AUDIT_LOG] Event Queue Size: 0
2025-11-13 04:43:39,701 INFO  [Replication Processor] [REPLICATION_AUDIT_LOG] Event Queue Size: 0
2025-11-13 04:44:39,704 INFO  [Replication Processor] [REPLICATION_AUDIT_LOG] Event Queue Size: 0
2025-11-13 04:45:39,707 INFO  [Replication Processor] [REPLICATION_AUDIT_LOG] Event Queue Size: 0
2025-11-13 04:46:39,708 INFO  [Replication Processor] [REPLICATION_AUDIT_LOG] Event Queue Size: 0
2025-11-13 04:47:39,709 INFO  [Replication Processor] [REPLICATION_AUDIT_LOG] Event Queue Size: 0
2025-11-13 04:48:39,710 INFO  [Replication Processor] [REPLICATION_AUDIT_LOG] Event Queue Size: 0
2025-11-13 04:49:39,713 INFO  [Replication Processor] [REPLICATION_AUDIT_LOG] Event Queue Size: 0
2025-11-13 04:50:00,001 INFO  [DefaultQuartzScheduler_Worker-4] [com.micros_retail.xservices.trans.OrphanTransactionsTask] OrphanTransactionsTask running
2025-11-13 04:50:00,001 INFO  [DefaultQuartzScheduler_Worker-4] [com.micros_retail.xservices.trans.OrphanTransactionsTask] Checking cache for orphaned Auths or Tenders
2025-11-13 04:50:39,715 INFO  [Replication Processor] [REPLICATION_AUDIT_LOG] Event Queue Size: 0
2025-11-13 04:51:39,716 INFO  [Replication Processor] [REPLICATION_AUDIT_LOG] Event Queue Size: 0
2025-11-13 04:52:39,718 INFO  [Replication Processor] [REPLICATION_AUDIT_LOG] Event Queue Size: 0
2025-11-13 04:53:39,719 INFO  [Replication Processor] [REPLICATION_AUDIT_LOG] Event Queue Size: 0
2025-11-13 04:54:39,721 INFO  [Replication Processor] [REPLICATION_AUDIT_LOG] Event Queue Size: 0
2025-11-13 04:55:39,722 INFO  [Replication Processor] [REPLICATION_AUDIT_LOG] Event Queue Size: 0
2025-11-13 04:56:39,724 INFO  [Replication Processor] [REPLICATION_AUDIT_LOG] Event Queue Size: 0
2025-11-13 04:57:39,727 INFO  [Replication Processor] [REPLICATION_AUDIT_LOG] Event Queue Size: 0
2025-11-13 04:58:39,728 INFO  [Replication Processor] [REPLICATION_AUDIT_LOG] Event Queue Size: 0
2025-11-13 04:59:39,729 INFO  [Replication Processor] [REPLICATION_AUDIT_LOG] Event Queue Size: 0
2025-11-13 05:00:00,001 INFO  [DefaultQuartzScheduler_Worker-5] [com.micros_retail.xservices.trans.OrphanTransactionsTask] OrphanTransactionsTask running
2025-11-13 05:00:00,001 INFO  [DefaultQuartzScheduler_Worker-5] [com.micros_retail.xservices.trans.OrphanTransactionsTask] Checking cache for orphaned Auths or Tenders
2025-11-13 05:00:39,731 INFO  [Replication Processor] [REPLICATION_AUDIT_LOG] Event Queue Size: 0
2025-11-13 05:01:39,733 INFO  [Replication Processor] [REPLICATION_AUDIT_LOG] Event Queue Size: 0
2025-11-13 05:02:39,735 INFO  [Replication Processor] [REPLICATION_AUDIT_LOG] Event Queue Size: 0
2025-11-13 05:03:39,737 INFO  [Replication Processor] [REPLICATION_AUDIT_LOG] Event Queue Size: 0
2025-11-13 05:04:39,739 INFO  [Replication Processor] [REPLICATION_AUDIT_LOG] Event Queue Size: 0
2025-11-13 05:05:39,749 INFO  [Replication Processor] [REPLICATION_AUDIT_LOG] Event Queue Size: 0
2025-11-13 05:06:39,752 INFO  [Replication Processor] [REPLICATION_AUDIT_LOG] Event Queue Size: 0
2025-11-13 05:07:39,753 INFO  [Replication Processor] [REPLICATION_AUDIT_LOG] Event Queue Size: 0
2025-11-13 05:08:39,755 INFO  [Replication Processor] [REPLICATION_AUDIT_LOG] Event Queue Size: 0
2025-11-13 05:09:39,756 INFO  [Replication Processor] [REPLICATION_AUDIT_LOG] Event Queue Size: 0
2025-11-13 05:10:00,014 INFO  [DefaultQuartzScheduler_Worker-7] [com.micros_retail.xservices.trans.OrphanTransactionsTask] OrphanTransactionsTask running
2025-11-13 05:10:00,014 INFO  [DefaultQuartzScheduler_Worker-7] [com.micros_retail.xservices.trans.OrphanTransactionsTask] Checking cache for orphaned Auths or Tenders
2025-11-13 05:10:39,758 INFO  [Replication Processor] [REPLICATION_AUDIT_LOG] Event Queue Size: 0
2025-11-13 05:11:39,760 INFO  [Replication Processor] [REPLICATION_AUDIT_LOG] Event Queue Size: 0
2025-11-13 05:12:39,762 INFO  [Replication Processor] [REPLICATION_AUDIT_LOG] Event Queue Size: 0
2025-11-13 05:13:39,764 INFO  [Replication Processor] [REPLICATION_AUDIT_LOG] Event Queue Size: 0
2025-11-13 05:14:39,766 INFO  [Replication Processor] [REPLICATION_AUDIT_LOG] Event Queue Size: 0
2025-11-13 05:15:39,768 INFO  [Replication Processor] [REPLICATION_AUDIT_LOG] Event Queue Size: 0
2025-11-13 05:16:39,771 INFO  [Replication Processor] [REPLICATION_AUDIT_LOG] Event Queue Size: 0
2025-11-13 05:17:39,772 INFO  [Replication Processor] [REPLICATION_AUDIT_LOG] Event Queue Size: 0
2025-11-13 05:18:39,774 INFO  [Replication Processor] [REPLICATION_AUDIT_LOG] Event Queue Size: 0
2025-11-13 05:19:39,775 INFO  [Replication Processor] [REPLICATION_AUDIT_LOG] Event Queue Size: 0
2025-11-13 05:20:00,001 INFO  [DefaultQuartzScheduler_Worker-8] [com.micros_retail.xservices.trans.OrphanTransactionsTask] OrphanTransactionsTask running
2025-11-13 05:20:00,001 INFO  [DefaultQuartzScheduler_Worker-8] [com.micros_retail.xservices.trans.OrphanTransactionsTask] Checking cache for orphaned Auths or Tenders
2025-11-13 05:20:39,776 INFO  [Replication Processor] [REPLICATION_AUDIT_LOG] Event Queue Size: 0
2025-11-13 05:21:39,778 INFO  [Replication Processor] [REPLICATION_AUDIT_LOG] Event Queue Size: 0
2025-11-13 05:22:39,779 INFO  [Replication Processor] [REPLICATION_AUDIT_LOG] Event Queue Size: 0
2025-11-13 05:23:39,781 INFO  [Replication Processor] [REPLICATION_AUDIT_LOG] Event Queue Size: 0
2025-11-13 05:24:39,783 INFO  [Replication Processor] [REPLICATION_AUDIT_LOG] Event Queue Size: 0
2025-11-13 05:25:39,786 INFO  [Replication Processor] [REPLICATION_AUDIT_LOG] Event Queue Size: 0
2025-11-13 05:26:39,787 INFO  [Replication Processor] [REPLICATION_AUDIT_LOG] Event Queue Size: 0
2025-11-13 05:27:39,789 INFO  [Replication Processor] [REPLICATION_AUDIT_LOG] Event Queue Size: 0
2025-11-13 05:28:39,790 INFO  [Replication Processor] [REPLICATION_AUDIT_LOG] Event Queue Size: 0
2025-11-13 05:29:39,792 INFO  [Replication Processor] [REPLICATION_AUDIT_LOG] Event Queue Size: 0
2025-11-13 05:30:00,000 INFO  [DefaultQuartzScheduler_Worker-9] [com.micros_retail.xservices.trans.OrphanTransactionsTask] OrphanTransactionsTask running
2025-11-13 05:30:00,000 INFO  [DefaultQuartzScheduler_Worker-9] [com.micros_retail.xservices.trans.OrphanTransactionsTask] Checking cache for orphaned Auths or Tenders
2025-11-13 05:30:39,795 INFO  [Replication Processor] [REPLICATION_AUDIT_LOG] Event Queue Size: 0
2025-11-13 05:31:39,797 INFO  [Replication Processor] [REPLICATION_AUDIT_LOG] Event Queue Size: 0
2025-11-13 05:32:39,799 INFO  [Replication Processor] [REPLICATION_AUDIT_LOG] Event Queue Size: 0
2025-11-13 05:33:39,802 INFO  [Replication Processor] [REPLICATION_AUDIT_LOG] Event Queue Size: 0
2025-11-13 05:34:39,804 INFO  [Replication Processor] [REPLICATION_AUDIT_LOG] Event Queue Size: 0
2025-11-13 05:35:39,806 INFO  [Replication Processor] [REPLICATION_AUDIT_LOG] Event Queue Size: 0
2025-11-13 05:36:39,808 INFO  [Replication Processor] [REPLICATION_AUDIT_LOG] Event Queue Size: 0
2025-11-13 05:37:39,810 INFO  [Replication Processor] [REPLICATION_AUDIT_LOG] Event Queue Size: 0
2025-11-13 05:38:39,813 INFO  [Replication Processor] [REPLICATION_AUDIT_LOG] Event Queue Size: 0
2025-11-13 05:39:39,814 INFO  [Replication Processor] [REPLICATION_AUDIT_LOG] Event Queue Size: 0
2025-11-13 05:40:00,001 INFO  [DefaultQuartzScheduler_Worker-10] [com.micros_retail.xservices.trans.OrphanTransactionsTask] OrphanTransactionsTask running
2025-11-13 05:40:00,001 INFO  [DefaultQuartzScheduler_Worker-10] [com.micros_retail.xservices.trans.OrphanTransactionsTask] Checking cache for orphaned Auths or Tenders
2025-11-13 05:40:39,815 INFO  [Replication Processor] [REPLICATION_AUDIT_LOG] Event Queue Size: 0
2025-11-13 05:41:39,816 INFO  [Replication Processor] [REPLICATION_AUDIT_LOG] Event Queue Size: 0
2025-11-13 05:42:39,819 INFO  [Replication Processor] [REPLICATION_AUDIT_LOG] Event Queue Size: 0
2025-11-13 05:43:39,821 INFO  [Replication Processor] [REPLICATION_AUDIT_LOG] Event Queue Size: 0
2025-11-13 05:44:39,822 INFO  [Replication Processor] [REPLICATION_AUDIT_LOG] Event Queue Size: 0
2025-11-13 05:45:39,824 INFO  [Replication Processor] [REPLICATION_AUDIT_LOG] Event Queue Size: 0
2025-11-13 05:46:39,826 INFO  [Replication Processor] [REPLICATION_AUDIT_LOG] Event Queue Size: 0
2025-11-13 05:47:39,829 INFO  [Replication Processor] [REPLICATION_AUDIT_LOG] Event Queue Size: 0
2025-11-13 05:48:39,831 INFO  [Replication Processor] [REPLICATION_AUDIT_LOG] Event Queue Size: 0
2025-11-13 05:49:39,833 INFO  [Replication Processor] [REPLICATION_AUDIT_LOG] Event Queue Size: 0
2025-11-13 05:50:00,001 INFO  [DefaultQuartzScheduler_Worker-1] [com.micros_retail.xservices.trans.OrphanTransactionsTask] OrphanTransactionsTask running
2025-11-13 05:50:00,002 INFO  [DefaultQuartzScheduler_Worker-1] [com.micros_retail.xservices.trans.OrphanTransactionsTask] Checking cache for orphaned Auths or Tenders
2025-11-13 05:50:39,835 INFO  [Replication Processor] [REPLICATION_AUDIT_LOG] Event Queue Size: 0
2025-11-13 05:51:39,837 INFO  [Replication Processor] [REPLICATION_AUDIT_LOG] Event Queue Size: 0
2025-11-13 05:52:39,838 INFO  [Replication Processor] [REPLICATION_AUDIT_LOG] Event Queue Size: 0
2025-11-13 05:53:39,839 INFO  [Replication Processor] [REPLICATION_AUDIT_LOG] Event Queue Size: 0
2025-11-13 05:54:39,841 INFO  [Replication Processor] [REPLICATION_AUDIT_LOG] Event Queue Size: 0
2025-11-13 05:55:39,843 INFO  [Replication Processor] [REPLICATION_AUDIT_LOG] Event Queue Size: 0
2025-11-13 05:56:39,844 INFO  [Replication Processor] [REPLICATION_AUDIT_LOG] Event Queue Size: 0
2025-11-13 05:57:39,845 INFO  [Replication Processor] [REPLICATION_AUDIT_LOG] Event Queue Size: 0
2025-11-13 05:58:39,848 INFO  [Replication Processor] [REPLICATION_AUDIT_LOG] Event Queue Size: 0
2025-11-13 05:59:39,850 INFO  [Replication Processor] [REPLICATION_AUDIT_LOG] Event Queue Size: 0
2025-11-13 06:00:00,001 INFO  [DefaultQuartzScheduler_Worker-2] [com.micros_retail.xservices.trans.OrphanTransactionsTask] OrphanTransactionsTask running
2025-11-13 06:00:00,001 INFO  [DefaultQuartzScheduler_Worker-2] [com.micros_retail.xservices.trans.OrphanTransactionsTask] Checking cache for orphaned Auths or Tenders
2025-11-13 06:00:39,851 INFO  [Replication Processor] [REPLICATION_AUDIT_LOG] Event Queue Size: 0
2025-11-13 06:01:39,853 INFO  [Replication Processor] [REPLICATION_AUDIT_LOG] Event Queue Size: 0
2025-11-13 06:02:39,854 INFO  [Replication Processor] [REPLICATION_AUDIT_LOG] Event Queue Size: 0
2025-11-13 06:03:39,856 INFO  [Replication Processor] [REPLICATION_AUDIT_LOG] Event Queue Size: 0
2025-11-13 06:04:39,857 INFO  [Replication Processor] [REPLICATION_AUDIT_LOG] Event Queue Size: 0
2025-11-13 06:05:39,859 INFO  [Replication Processor] [REPLICATION_AUDIT_LOG] Event Queue Size: 0
2025-11-13 06:06:39,864 INFO  [Replication Processor] [REPLICATION_AUDIT_LOG] Event Queue Size: 0
2025-11-13 06:07:39,866 INFO  [Replication Processor] [REPLICATION_AUDIT_LOG] Event Queue Size: 0
2025-11-13 06:08:39,867 INFO  [Replication Processor] [REPLICATION_AUDIT_LOG] Event Queue Size: 0
2025-11-13 06:09:39,869 INFO  [Replication Processor] [REPLICATION_AUDIT_LOG] Event Queue Size: 0
2025-11-13 06:10:00,001 INFO  [DefaultQuartzScheduler_Worker-4] [com.micros_retail.xservices.trans.OrphanTransactionsTask] OrphanTransactionsTask running
2025-11-13 06:10:00,001 INFO  [DefaultQuartzScheduler_Worker-4] [com.micros_retail.xservices.trans.OrphanTransactionsTask] Checking cache for orphaned Auths or Tenders
2025-11-13 06:10:39,870 INFO  [Replication Processor] [REPLICATION_AUDIT_LOG] Event Queue Size: 0
2025-11-13 06:11:39,872 INFO  [Replication Processor] [REPLICATION_AUDIT_LOG] Event Queue Size: 0
2025-11-13 06:12:39,874 INFO  [Replication Processor] [REPLICATION_AUDIT_LOG] Event Queue Size: 0
2025-11-13 06:13:39,875 INFO  [Replication Processor] [REPLICATION_AUDIT_LOG] Event Queue Size: 0
2025-11-13 06:14:39,877 INFO  [Replication Processor] [REPLICATION_AUDIT_LOG] Event Queue Size: 0
2025-11-13 06:15:39,879 INFO  [Replication Processor] [REPLICATION_AUDIT_LOG] Event Queue Size: 0
2025-11-13 06:16:39,881 INFO  [Replication Processor] [REPLICATION_AUDIT_LOG] Event Queue Size: 0
2025-11-13 06:17:39,883 INFO  [Replication Processor] [REPLICATION_AUDIT_LOG] Event Queue Size: 0
2025-11-13 06:18:39,885 INFO  [Replication Processor] [REPLICATION_AUDIT_LOG] Event Queue Size: 0
2025-11-13 06:19:39,886 INFO  [Replication Processor] [REPLICATION_AUDIT_LOG] Event Queue Size: 0
2025-11-13 06:20:00,002 INFO  [DefaultQuartzScheduler_Worker-5] [com.micros_retail.xservices.trans.OrphanTransactionsTask] OrphanTransactionsTask running
2025-11-13 06:20:00,002 INFO  [DefaultQuartzScheduler_Worker-5] [com.micros_retail.xservices.trans.OrphanTransactionsTask] Checking cache for orphaned Auths or Tenders
2025-11-13 06:20:09,970 INFO  [JettyShutdownThread] [org.eclipse.jetty.server.Server] Stopped oejs.Server@7fd26ad8{STOPPING}[12.0.18,sto=30000]
2025-11-13 06:20:09,970 INFO  [JettyShutdownThread] [org.eclipse.jetty.server.Server] Shutdown oejs.Server@7fd26ad8{STOPPING}[12.0.18,sto=30000]
2025-11-13 06:20:09,995 ERROR [MSR-Shutdown] [dtv.hardware.AbstractDtvJposDevice] CAUGHT EXCEPTION
java.lang.reflect.InvocationTargetException: null
	at java.base/jdk.internal.reflect.DirectMethodHandleAccessor.invoke(DirectMethodHandleAccessor.java:118) ~[?:?]
	at java.base/java.lang.reflect.Method.invoke(Method.java:580) ~[?:?]
	at dtv.hardware.AbstractDtvJposDevice.invokeSet(AbstractDtvJposDevice.java:861) [dtv-hardware.jar:25.0.0.0.20250723220418]
	at dtv.hardware.AbstractDtvJposDevice.disableDataEvents(AbstractDtvJposDevice.java:387) [dtv-hardware.jar:25.0.0.0.20250723220418]
	at dtv.hardware.AbstractDtvJposDevice.doShutdown(AbstractDtvJposDevice.java:420) [dtv-hardware.jar:25.0.0.0.20250723220418]
	at dtv.hardware.AbstractDtvJposDevice.shutdown(AbstractDtvJposDevice.java:293) [dtv-hardware.jar:25.0.0.0.20250723220418]
	at dtv.hardware.HardwareMgr$2.run(HardwareMgr.java:1320) [dtv-posframework.jar:25.0.0.0.20250723220418]
Caused by: jpos.JposException: Control not opened
	at jpos.MSR.setDataEventEnabled(MSR.java:921) ~[javapos-1.15.4.jar:1.15.4]
	at java.base/jdk.internal.reflect.DirectMethodHandleAccessor.invoke(DirectMethodHandleAccessor.java:103) ~[?:?]
	... 6 more
2025-11-13 06:20:10,002 INFO  [JettyShutdownThread] [org.eclipse.jetty.server.AbstractConnector] Stopped ServerConnector@23a5818e{SSL, (ssl, http/1.1)}{0.0.0.0:8444}
